--------------------------------------------------------------------------------
Release 14.7 Trace  (lin64)
Copyright (c) 1995-2013 Xilinx, Inc.  All rights reserved.

/opt/Xilinx/14.7/ISE_DS/ISE/bin/lin64/unwrapped/trce -intstyle ise -v 3 -s 2 -n
3 -fastpaths -xml PWMcontroller.twx PWMcontroller.ncd -o PWMcontroller.twr
PWMcontroller.pcf -ucf pwmUCF.ucf

Design file:              PWMcontroller.ncd
Physical constraint file: PWMcontroller.pcf
Device,package,speed:     xc6slx16,csg324,C,-2 (PRODUCTION 1.23 2013-10-13)
Report level:             verbose report

Environment Variable      Effect 
--------------------      ------ 
NONE                      No environment variables were set
--------------------------------------------------------------------------------

INFO:Timing:2698 - No timing constraints found, doing default enumeration.
INFO:Timing:3412 - To improve timing, see the Timing Closure User Guide (UG612).
INFO:Timing:2752 - To get complete path coverage, use the unconstrained paths 
   option. All paths that are not constrained will be reported in the 
   unconstrained paths section(s) of the report.
INFO:Timing:3339 - The clock-to-out numbers in this timing report are based on 
   a 50 Ohm transmission line loading model.  For the details of this model, 
   and for more information on accounting for different loading conditions, 
   please see the device datasheet.



Data Sheet report:
-----------------
All values displayed in nanoseconds (ns)

Setup/Hold to clock clk
------------+------------+------------+------------+------------+------------------+--------+
            |Max Setup to|  Process   |Max Hold to |  Process   |                  | Clock  |
Source      | clk (edge) |   Corner   | clk (edge) |   Corner   |Internal Clock(s) | Phase  |
------------+------------+------------+------------+------------+------------------+--------+
sw<0>       |    4.026(R)|      SLOW  |   -1.097(R)|      FAST  |clk_BUFGP         |   0.000|
sw<1>       |    3.861(R)|      SLOW  |   -0.638(R)|      FAST  |clk_BUFGP         |   0.000|
sw<2>       |    3.646(R)|      SLOW  |   -0.903(R)|      FAST  |clk_BUFGP         |   0.000|
sw<3>       |    3.808(R)|      SLOW  |   -0.718(R)|      FAST  |clk_BUFGP         |   0.000|
sw<4>       |    3.699(R)|      SLOW  |   -0.278(R)|      SLOW  |clk_BUFGP         |   0.000|
sw<5>       |    2.839(R)|      SLOW  |   -0.628(R)|      FAST  |clk_BUFGP         |   0.000|
sw<6>       |    2.836(R)|      SLOW  |   -0.574(R)|      FAST  |clk_BUFGP         |   0.000|
sw<7>       |    3.175(R)|      SLOW  |   -0.932(R)|      FAST  |clk_BUFGP         |   0.000|
------------+------------+------------+------------+------------+------------------+--------+

Clock clk to Pad
------------+-----------------+------------+-----------------+------------+------------------+--------+
            |Max (slowest) clk|  Process   |Min (fastest) clk|  Process   |                  | Clock  |
Destination |  (edge) to PAD  |   Corner   |  (edge) to PAD  |   Corner   |Internal Clock(s) | Phase  |
------------+-----------------+------------+-----------------+------------+------------------+--------+
pwm_out     |         9.305(R)|      SLOW  |         3.932(R)|      FAST  |clk_BUFGP         |   0.000|
------------+-----------------+------------+-----------------+------------+------------------+--------+

Clock to Setup on destination clock clk
---------------+---------+---------+---------+---------+
               | Src:Rise| Src:Fall| Src:Rise| Src:Fall|
Source Clock   |Dest:Rise|Dest:Rise|Dest:Fall|Dest:Fall|
---------------+---------+---------+---------+---------+
clk            |    4.849|         |         |         |
---------------+---------+---------+---------+---------+


Analysis completed Thu Dec 18 20:26:09 2014 
--------------------------------------------------------------------------------

Trace Settings:
-------------------------
Trace Settings 

Peak Memory Usage: 389 MB



