Release 14.7 - xst P.20131013 (lin64)
Copyright (c) 1995-2013 Xilinx, Inc.  All rights reserved.
--> 
Parameter TMPDIR set to xst/projnav.tmp


Total REAL time to Xst completion: 0.00 secs
Total CPU time to Xst completion: 0.07 secs
 
--> 
Parameter xsthdpdir set to xst


Total REAL time to Xst completion: 0.00 secs
Total CPU time to Xst completion: 0.07 secs
 
--> 
Reading design: PWMcontroller.prj

TABLE OF CONTENTS
  1) Synthesis Options Summary
  2) HDL Parsing
  3) HDL Elaboration
  4) HDL Synthesis
       4.1) HDL Synthesis Report
  5) Advanced HDL Synthesis
       5.1) Advanced HDL Synthesis Report
  6) Low Level Synthesis
  7) Partition Report
  8) Design Summary
       8.1) Primitive and Black Box Usage
       8.2) Device utilization summary
       8.3) Partition Resource Summary
       8.4) Timing Report
            8.4.1) Clock Information
            8.4.2) Asynchronous Control Signals Information
            8.4.3) Timing Summary
            8.4.4) Timing Details
            8.4.5) Cross Clock Domains Report


=========================================================================
*                      Synthesis Options Summary                        *
=========================================================================
---- Source Parameters
Input File Name                    : "PWMcontroller.prj"
Ignore Synthesis Constraint File   : NO

---- Target Parameters
Output File Name                   : "PWMcontroller"
Output Format                      : NGC
Target Device                      : xc6slx16-2-csg324

---- Source Options
Top Module Name                    : PWMcontroller
Automatic FSM Extraction           : YES
FSM Encoding Algorithm             : Auto
Safe Implementation                : No
FSM Style                          : LUT
RAM Extraction                     : Yes
RAM Style                          : Auto
ROM Extraction                     : Yes
Shift Register Extraction          : YES
ROM Style                          : Auto
Resource Sharing                   : YES
Asynchronous To Synchronous        : NO
Shift Register Minimum Size        : 2
Use DSP Block                      : Auto
Automatic Register Balancing       : No

---- Target Options
LUT Combining                      : Auto
Reduce Control Sets                : Auto
Add IO Buffers                     : YES
Global Maximum Fanout              : 100000
Add Generic Clock Buffer(BUFG)     : 16
Register Duplication               : YES
Optimize Instantiated Primitives   : NO
Use Clock Enable                   : Auto
Use Synchronous Set                : Auto
Use Synchronous Reset              : Auto
Pack IO Registers into IOBs        : Auto
Equivalent register Removal        : YES

---- General Options
Optimization Goal                  : Speed
Optimization Effort                : 1
Power Reduction                    : NO
Keep Hierarchy                     : No
Netlist Hierarchy                  : As_Optimized
RTL Output                         : Yes
Global Optimization                : AllClockNets
Read Cores                         : YES
Write Timing Constraints           : NO
Cross Clock Analysis               : NO
Hierarchy Separator                : /
Bus Delimiter                      : <>
Case Specifier                     : Maintain
Slice Utilization Ratio            : 100
BRAM Utilization Ratio             : 100
DSP48 Utilization Ratio            : 100
Auto BRAM Packing                  : NO
Slice Utilization Ratio Delta      : 5

=========================================================================


=========================================================================
*                          HDL Parsing                                  *
=========================================================================
Analyzing Verilog file "/home/kv/EE 324/pwm/pwmSignal.v" into library work
Parsing module <pwmSignal>.
Analyzing Verilog file "/home/kv/EE 324/pwm/PWMcontroller.v" into library work
Parsing module <PWMcontroller>.

=========================================================================
*                            HDL Elaboration                            *
=========================================================================

Elaborating module <PWMcontroller>.

Elaborating module <pwmSignal>.
WARNING:HDLCompiler:413 - "/home/kv/EE 324/pwm/pwmSignal.v" Line 36: Result of 17-bit expression is truncated to fit in 16-bit target.

=========================================================================
*                           HDL Synthesis                               *
=========================================================================

Synthesizing Unit <PWMcontroller>.
    Related source file is "/home/kv/EE 324/pwm/PWMcontroller.v".
    Summary:
	no macro.
Unit <PWMcontroller> synthesized.

Synthesizing Unit <pwmSignal>.
    Related source file is "/home/kv/EE 324/pwm/pwmSignal.v".
        duty = 20
    Found 1-bit register for signal <pwmOut>.
    Found 16-bit register for signal <count>.
    Found 16-bit adder for signal <count[15]_GND_2_o_add_2_OUT> created at line 36.
    Found 5x8-bit multiplier for signal <PWR_2_o_sw[7]_MuLt_4_OUT> created at line 37.
    Found 16-bit comparator lessequal for signal <n0000> created at line 33
    Found 16-bit comparator lessequal for signal <n0005> created at line 37
    Summary:
	inferred   1 Multiplier(s).
	inferred   1 Adder/Subtractor(s).
	inferred  17 D-type flip-flop(s).
	inferred   2 Comparator(s).
	inferred   1 Multiplexer(s).
Unit <pwmSignal> synthesized.

=========================================================================
HDL Synthesis Report

Macro Statistics
# Multipliers                                          : 1
 8x5-bit multiplier                                    : 1
# Adders/Subtractors                                   : 1
 16-bit adder                                          : 1
# Registers                                            : 2
 1-bit register                                        : 1
 16-bit register                                       : 1
# Comparators                                          : 2
 16-bit comparator lessequal                           : 2
# Multiplexers                                         : 1
 16-bit 2-to-1 multiplexer                             : 1

=========================================================================

=========================================================================
*                       Advanced HDL Synthesis                          *
=========================================================================


Synthesizing (advanced) Unit <pwmSignal>.
The following registers are absorbed into counter <count>: 1 register on signal <count>.
Unit <pwmSignal> synthesized (advanced).

=========================================================================
Advanced HDL Synthesis Report

Macro Statistics
# Multipliers                                          : 1
 8x5-bit multiplier                                    : 1
# Adders/Subtractors                                   : 1
 16-bit adder                                          : 1
# Counters                                             : 1
 16-bit up counter                                     : 1
# Registers                                            : 1
 Flip-Flops                                            : 1
# Comparators                                          : 2
 16-bit comparator lessequal                           : 2
# Multiplexers                                         : 1
 16-bit 2-to-1 multiplexer                             : 1

=========================================================================

=========================================================================
*                         Low Level Synthesis                           *
=========================================================================

Optimizing unit <PWMcontroller> ...
WARNING:Xst:1293 - FF/Latch <U1/count_10> has a constant value of 0 in block <PWMcontroller>. This FF/Latch will be trimmed during the optimization process.
WARNING:Xst:1896 - Due to other FF/Latch trimming, FF/Latch <U1/count_11> has a constant value of 0 in block <PWMcontroller>. This FF/Latch will be trimmed during the optimization process.
WARNING:Xst:1896 - Due to other FF/Latch trimming, FF/Latch <U1/count_12> has a constant value of 0 in block <PWMcontroller>. This FF/Latch will be trimmed during the optimization process.
WARNING:Xst:1896 - Due to other FF/Latch trimming, FF/Latch <U1/count_13> has a constant value of 0 in block <PWMcontroller>. This FF/Latch will be trimmed during the optimization process.
WARNING:Xst:1896 - Due to other FF/Latch trimming, FF/Latch <U1/count_14> has a constant value of 0 in block <PWMcontroller>. This FF/Latch will be trimmed during the optimization process.
WARNING:Xst:1896 - Due to other FF/Latch trimming, FF/Latch <U1/count_15> has a constant value of 0 in block <PWMcontroller>. This FF/Latch will be trimmed during the optimization process.

Mapping all equations...
Building and optimizing final netlist ...
Found area constraint ratio of 100 (+ 5) on block PWMcontroller, actual ratio is 0.

Final Macro Processing ...

=========================================================================
Final Register Report

Macro Statistics
# Registers                                            : 11
 Flip-Flops                                            : 11

=========================================================================

=========================================================================
*                           Partition Report                            *
=========================================================================

Partition Implementation Status
-------------------------------

  No Partitions were found in this design.

-------------------------------

=========================================================================
*                            Design Summary                             *
=========================================================================

Top Level Output File Name         : PWMcontroller.ngc

Primitive and Black Box Usage:
------------------------------
# BELS                             : 104
#      GND                         : 1
#      INV                         : 1
#      LUT1                        : 9
#      LUT2                        : 4
#      LUT3                        : 6
#      LUT4                        : 10
#      LUT5                        : 3
#      LUT6                        : 22
#      MUXCY                       : 26
#      VCC                         : 1
#      XORCY                       : 21
# FlipFlops/Latches                : 11
#      FD                          : 11
# Clock Buffers                    : 1
#      BUFGP                       : 1
# IO Buffers                       : 9
#      IBUF                        : 8
#      OBUF                        : 1

Device utilization summary:
---------------------------

Selected Device : 6slx16csg324-2 


Slice Logic Utilization: 
 Number of Slice Registers:              11  out of  18224     0%  
 Number of Slice LUTs:                   55  out of   9112     0%  
    Number used as Logic:                55  out of   9112     0%  

Slice Logic Distribution: 
 Number of LUT Flip Flop pairs used:     56
   Number with an unused Flip Flop:      45  out of     56    80%  
   Number with an unused LUT:             1  out of     56     1%  
   Number of fully used LUT-FF pairs:    10  out of     56    17%  
   Number of unique control sets:         1

IO Utilization: 
 Number of IOs:                          10
 Number of bonded IOBs:                  10  out of    232     4%  

Specific Feature Utilization:
 Number of BUFG/BUFGCTRLs:                1  out of     16     6%  

---------------------------
Partition Resource Summary:
---------------------------

  No Partitions were found in this design.

---------------------------


=========================================================================
Timing Report

NOTE: THESE TIMING NUMBERS ARE ONLY A SYNTHESIS ESTIMATE.
      FOR ACCURATE TIMING INFORMATION PLEASE REFER TO THE TRACE REPORT
      GENERATED AFTER PLACE-and-ROUTE.

Clock Information:
------------------
-----------------------------------+------------------------+-------+
Clock Signal                       | Clock buffer(FF name)  | Load  |
-----------------------------------+------------------------+-------+
clk                                | BUFGP                  | 11    |
-----------------------------------+------------------------+-------+

Asynchronous Control Signals Information:
----------------------------------------
No asynchronous control signals found in this design

Timing Summary:
---------------
Speed Grade: -2

   Minimum period: 5.225ns (Maximum Frequency: 191.397MHz)
   Minimum input arrival time before clock: 5.977ns
   Maximum output required time after clock: 4.118ns
   Maximum combinational path delay: No path found

Timing Details:
---------------
All values displayed in nanoseconds (ns)

=========================================================================
Timing constraint: Default period analysis for Clock 'clk'
  Clock period: 5.225ns (frequency: 191.397MHz)
  Total number of paths / destination ports: 763 / 11
-------------------------------------------------------------------------
Delay:               5.225ns (Levels of Logic = 9)
  Source:            U1/count_7 (FF)
  Destination:       U1/pwmOut (FF)
  Source Clock:      clk rising
  Destination Clock: clk rising

  Data Path: U1/count_7 to U1/pwmOut
                                Gate     Net
    Cell:in->out      fanout   Delay   Delay  Logical Name (Net Name)
    ----------------------------------------  ------------
     FD:C->Q              18   0.525   1.235  U1/count_7 (U1/count_7)
     LUT1:I0->O            1   0.254   0.000  U1/Madd_count[15]_GND_2_o_add_2_OUT_cy<7>_rt (U1/Madd_count[15]_GND_2_o_add_2_OUT_cy<7>_rt)
     MUXCY:S->O            1   0.215   0.000  U1/Madd_count[15]_GND_2_o_add_2_OUT_cy<7> (U1/Madd_count[15]_GND_2_o_add_2_OUT_cy<7>)
     MUXCY:CI->O           1   0.023   0.000  U1/Madd_count[15]_GND_2_o_add_2_OUT_cy<8> (U1/Madd_count[15]_GND_2_o_add_2_OUT_cy<8>)
     XORCY:CI->O           1   0.206   0.682  U1/Madd_count[15]_GND_2_o_add_2_OUT_xor<9> (U1/count[15]_GND_2_o_add_2_OUT<9>)
     LUT6:I5->O            2   0.254   1.002  U1/Mmux_count[15]_GND_2_o_mux_3_OUT161 (U1/count[15]_GND_2_o_mux_3_OUT<9>)
     LUT4:I0->O            1   0.254   0.000  U1/Mcompar_count[15]_GND_2_o_LessThan_6_o_lut<4> (U1/Mcompar_count[15]_GND_2_o_LessThan_6_o_lut<4>)
     MUXCY:S->O            1   0.215   0.000  U1/Mcompar_count[15]_GND_2_o_LessThan_6_o_cy<4> (U1/Mcompar_count[15]_GND_2_o_LessThan_6_o_cy<4>)
     MUXCY:CI->O           1   0.023   0.000  U1/Mcompar_count[15]_GND_2_o_LessThan_6_o_cy<5> (U1/Mcompar_count[15]_GND_2_o_LessThan_6_o_cy<5>)
     MUXCY:CI->O           1   0.262   0.000  U1/Mcompar_count[15]_GND_2_o_LessThan_6_o_cy<6> (U1/count[15]_GND_2_o_LessThan_6_o)
     FD:D                      0.074          U1/pwmOut
    ----------------------------------------
    Total                      5.225ns (2.306ns logic, 2.919ns route)
                                       (44.1% logic, 55.9% route)

=========================================================================
Timing constraint: Default OFFSET IN BEFORE for Clock 'clk'
  Total number of paths / destination ports: 116 / 1
-------------------------------------------------------------------------
Offset:              5.977ns (Levels of Logic = 8)
  Source:            sw<2> (PAD)
  Destination:       U1/pwmOut (FF)
  Destination Clock: clk rising

  Data Path: sw<2> to U1/pwmOut
                                Gate     Net
    Cell:in->out      fanout   Delay   Delay  Logical Name (Net Name)
    ----------------------------------------  ------------
     IBUF:I->O             5   1.328   1.271  sw_2_IBUF (sw_2_IBUF)
     LUT5:I0->O            5   0.254   1.069  U1/Mmult_PWR_2_o_sw[7]_MuLt_4_OUT_Madd_cy<6>11 (U1/Mmult_PWR_2_o_sw[7]_MuLt_4_OUT_Madd_cy<6>)
     LUT5:I2->O            2   0.235   1.002  U1/Mmult_PWR_2_o_sw[7]_MuLt_4_OUT_Madd_xor<8>11 (U1/PWR_2_o_sw[7]_MuLt_4_OUT<8>)
     LUT4:I0->O            0   0.254   0.000  U1/Mcompar_count[15]_GND_2_o_LessThan_6_o_lutdi3 (U1/Mcompar_count[15]_GND_2_o_LessThan_6_o_lutdi3)
     MUXCY:DI->O           1   0.181   0.000  U1/Mcompar_count[15]_GND_2_o_LessThan_6_o_cy<3> (U1/Mcompar_count[15]_GND_2_o_LessThan_6_o_cy<3>)
     MUXCY:CI->O           1   0.023   0.000  U1/Mcompar_count[15]_GND_2_o_LessThan_6_o_cy<4> (U1/Mcompar_count[15]_GND_2_o_LessThan_6_o_cy<4>)
     MUXCY:CI->O           1   0.023   0.000  U1/Mcompar_count[15]_GND_2_o_LessThan_6_o_cy<5> (U1/Mcompar_count[15]_GND_2_o_LessThan_6_o_cy<5>)
     MUXCY:CI->O           1   0.262   0.000  U1/Mcompar_count[15]_GND_2_o_LessThan_6_o_cy<6> (U1/count[15]_GND_2_o_LessThan_6_o)
     FD:D                      0.074          U1/pwmOut
    ----------------------------------------
    Total                      5.977ns (2.635ns logic, 3.342ns route)
                                       (44.1% logic, 55.9% route)

=========================================================================
Timing constraint: Default OFFSET OUT AFTER for Clock 'clk'
  Total number of paths / destination ports: 1 / 1
-------------------------------------------------------------------------
Offset:              4.118ns (Levels of Logic = 1)
  Source:            U1/pwmOut (FF)
  Destination:       pwm_out (PAD)
  Source Clock:      clk rising

  Data Path: U1/pwmOut to pwm_out
                                Gate     Net
    Cell:in->out      fanout   Delay   Delay  Logical Name (Net Name)
    ----------------------------------------  ------------
     FD:C->Q               1   0.525   0.681  U1/pwmOut (U1/pwmOut)
     OBUF:I->O                 2.912          pwm_out_OBUF (pwm_out)
    ----------------------------------------
    Total                      4.118ns (3.437ns logic, 0.681ns route)
                                       (83.5% logic, 16.5% route)

=========================================================================

Cross Clock Domains Report:
--------------------------

Clock to Setup on destination clock clk
---------------+---------+---------+---------+---------+
               | Src:Rise| Src:Fall| Src:Rise| Src:Fall|
Source Clock   |Dest:Rise|Dest:Rise|Dest:Fall|Dest:Fall|
---------------+---------+---------+---------+---------+
clk            |    5.225|         |         |         |
---------------+---------+---------+---------+---------+

=========================================================================


Total REAL time to Xst completion: 15.00 secs
Total CPU time to Xst completion: 8.84 secs
 
--> 


Total memory usage is 390320 kilobytes

Number of errors   :    0 (   0 filtered)
Number of warnings :    7 (   0 filtered)
Number of infos    :    0 (   0 filtered)

