--------------------------------------------------------------------------------
Release 14.7 Trace  (lin64)
Copyright (c) 1995-2013 Xilinx, Inc.  All rights reserved.

/opt/Xilinx/14.7/ISE_DS/ISE/bin/lin64/unwrapped/trce -intstyle ise -v 3 -s 3 -n
3 -fastpaths -xml pong_top.twx pong_top.ncd -o pong_top.twr pong_top.pcf -ucf
mine.ucf

Design file:              pong_top.ncd
Physical constraint file: pong_top.pcf
Device,package,speed:     xc6slx16,csg324,C,-3 (PRODUCTION 1.23 2013-10-13)
Report level:             verbose report

Environment Variable      Effect 
--------------------      ------ 
NONE                      No environment variables were set
--------------------------------------------------------------------------------

INFO:Timing:2698 - No timing constraints found, doing default enumeration.
INFO:Timing:3412 - To improve timing, see the Timing Closure User Guide (UG612).
INFO:Timing:2752 - To get complete path coverage, use the unconstrained paths 
   option. All paths that are not constrained will be reported in the 
   unconstrained paths section(s) of the report.
INFO:Timing:3339 - The clock-to-out numbers in this timing report are based on 
   a 50 Ohm transmission line loading model.  For the details of this model, 
   and for more information on accounting for different loading conditions, 
   please see the device datasheet.



Data Sheet report:
-----------------
All values displayed in nanoseconds (ns)

Setup/Hold to clock clk
------------+------------+------------+------------+------------+------------------+--------+
            |Max Setup to|  Process   |Max Hold to |  Process   |                  | Clock  |
Source      | clk (edge) |   Corner   | clk (edge) |   Corner   |Internal Clock(s) | Phase  |
------------+------------+------------+------------+------------+------------------+--------+
rst         |    3.448(R)|      SLOW  |   -1.680(R)|      FAST  |clk_BUFGP         |   0.000|
------------+------------+------------+------------+------------+------------------+--------+

Clock clk to Pad
------------+-----------------+------------+-----------------+------------+------------------+--------+
            |Max (slowest) clk|  Process   |Min (fastest) clk|  Process   |                  | Clock  |
Destination |  (edge) to PAD  |   Corner   |  (edge) to PAD  |   Corner   |Internal Clock(s) | Phase  |
------------+-----------------+------------+-----------------+------------+------------------+--------+
an<0>       |         8.901(R)|      SLOW  |         4.772(R)|      FAST  |clk_BUFGP         |   0.000|
an<3>       |         8.973(R)|      SLOW  |         4.792(R)|      FAST  |clk_BUFGP         |   0.000|
seg<0>      |        10.612(R)|      SLOW  |         4.938(R)|      FAST  |clk_BUFGP         |   0.000|
seg<1>      |        10.509(R)|      SLOW  |         5.059(R)|      FAST  |clk_BUFGP         |   0.000|
seg<2>      |        10.405(R)|      SLOW  |         4.977(R)|      FAST  |clk_BUFGP         |   0.000|
seg<3>      |        10.595(R)|      SLOW  |         5.179(R)|      FAST  |clk_BUFGP         |   0.000|
seg<4>      |        10.393(R)|      SLOW  |         5.127(R)|      FAST  |clk_BUFGP         |   0.000|
seg<5>      |        10.907(R)|      SLOW  |         5.068(R)|      FAST  |clk_BUFGP         |   0.000|
seg<6>      |        10.797(R)|      SLOW  |         5.110(R)|      FAST  |clk_BUFGP         |   0.000|
------------+-----------------+------------+-----------------+------------+------------------+--------+

Clock to Setup on destination clock clk
---------------+---------+---------+---------+---------+
               | Src:Rise| Src:Fall| Src:Rise| Src:Fall|
Source Clock   |Dest:Rise|Dest:Rise|Dest:Fall|Dest:Fall|
---------------+---------+---------+---------+---------+
clk            |    1.960|         |         |         |
---------------+---------+---------+---------+---------+


Analysis completed Tue Dec 16 17:35:40 2014 
--------------------------------------------------------------------------------

Trace Settings:
-------------------------
Trace Settings 

Peak Memory Usage: 390 MB



